0 verbose cli C:\Program Files\nodejs\node.exe C:\Program Files\nodejs\node_modules\npm\bin\npm-cli.js
1 info using npm@10.9.2
2 info using node@v22.17.1
3 silly config load:file:C:\Program Files\nodejs\node_modules\npm\npmrc
4 silly config load:file:e:\Sekhmet\frontend\.npmrc
5 silly config load:file:C:\Users\14378\.npmrc
6 silly config load:file:e:\Sekhmet\frontend\%USERPROFILE%\.npm-global\etc\npmrc
7 verbose title npm view @types/node description dist-tags.latest homepage version time
8 verbose argv "view" "--json" "--" "@types/node" "description" "dist-tags.latest" "homepage" "version" "time"
9 verbose logfile logs-max:10 dir:e:\Sekhmet\frontend\%USERPROFILE%\.npm-cache\_logs\2026-01-25T05_37_24_080Z-
10 verbose logfile e:\Sekhmet\frontend\%USERPROFILE%\.npm-cache\_logs\2026-01-25T05_37_24_080Z-debug-0.log
11 silly logfile start cleaning logs, removing 1 files
12 silly logfile done cleaning log files
13 http fetch GET 200 https://registry.npmmirror.com/@types%2fnode 997ms (cache revalidated)
14 verbose cwd e:\Sekhmet\frontend
15 verbose os Windows_NT 10.0.26200
16 verbose node v22.17.1
17 verbose npm  v10.9.2
18 verbose exit 0
19 info ok
